2025-05-05 21:23:53.818 -04:00 [INF] Now listening on: http://localhost:5019
2025-05-05 21:23:53.881 -04:00 [INF] Application started. Press Ctrl+C to shut down.
2025-05-05 21:23:53.885 -04:00 [INF] Hosting environment: Development
2025-05-05 21:23:53.887 -04:00 [INF] Content root path: D:\Users\MAYRA\OneDrive\Documentos\ing de sistemas UPB\Certificacion1\PracticeTwo\PracticeTwo
2025-05-05 21:23:54.747 -04:00 [INF] Request starting HTTP/1.1 GET http://localhost:5019/swagger/index.html - -
2025-05-05 21:23:55.375 -04:00 [INF] Request finished HTTP/1.1 GET http://localhost:5019/swagger/index.html - - - 200 - text/html;charset=utf-8 643.6596ms
2025-05-05 21:23:55.399 -04:00 [INF] Request starting HTTP/1.1 GET http://localhost:5019/_framework/aspnetcore-browser-refresh.js - -
2025-05-05 21:23:55.419 -04:00 [INF] Request finished HTTP/1.1 GET http://localhost:5019/_framework/aspnetcore-browser-refresh.js - - - 200 11992 application/javascript;+charset=utf-8 20.0801ms
2025-05-05 21:23:55.484 -04:00 [INF] Request starting HTTP/1.1 GET http://localhost:5019/_vs/browserLink - -
2025-05-05 21:23:55.565 -04:00 [INF] Request finished HTTP/1.1 GET http://localhost:5019/_vs/browserLink - - - 200 - text/javascript;+charset=UTF-8 80.0463ms
2025-05-05 21:23:56.916 -04:00 [INF] Request starting HTTP/1.1 GET http://localhost:5019/swagger/v1/swagger.json - -
2025-05-05 21:23:57.071 -04:00 [INF] Request finished HTTP/1.1 GET http://localhost:5019/swagger/v1/swagger.json - - - 200 - application/json;charset=utf-8 155.3672ms
2025-05-05 21:25:39.277 -04:00 [INF] Now listening on: http://localhost:5019
2025-05-05 21:25:39.402 -04:00 [INF] Application started. Press Ctrl+C to shut down.
2025-05-05 21:25:39.406 -04:00 [INF] Hosting environment: Development
2025-05-05 21:25:39.409 -04:00 [INF] Content root path: D:\Users\MAYRA\OneDrive\Documentos\ing de sistemas UPB\Certificacion1\PracticeTwo\PracticeTwo
2025-05-05 21:25:40.150 -04:00 [INF] Request starting HTTP/1.1 GET http://localhost:5019/swagger/index.html - -
2025-05-05 21:25:40.581 -04:00 [INF] Request finished HTTP/1.1 GET http://localhost:5019/swagger/index.html - - - 200 - text/html;charset=utf-8 438.3153ms
2025-05-05 21:25:40.615 -04:00 [INF] Request starting HTTP/1.1 GET http://localhost:5019/_framework/aspnetcore-browser-refresh.js - -
2025-05-05 21:25:40.623 -04:00 [INF] Request finished HTTP/1.1 GET http://localhost:5019/_framework/aspnetcore-browser-refresh.js - - - 200 11992 application/javascript;+charset=utf-8 8.5925ms
2025-05-05 21:25:40.672 -04:00 [INF] Request starting HTTP/1.1 GET http://localhost:5019/_vs/browserLink - -
2025-05-05 21:25:40.690 -04:00 [INF] Request finished HTTP/1.1 GET http://localhost:5019/_vs/browserLink - - - 200 - text/javascript;+charset=UTF-8 18.4343ms
2025-05-05 21:25:42.165 -04:00 [INF] Request starting HTTP/1.1 GET http://localhost:5019/swagger/v1/swagger.json - -
2025-05-05 21:25:42.278 -04:00 [INF] Request finished HTTP/1.1 GET http://localhost:5019/swagger/v1/swagger.json - - - 200 - application/json;charset=utf-8 113.2093ms
2025-05-05 21:26:11.433 -04:00 [INF] Request starting HTTP/1.1 POST http://localhost:5019/api-patients application/json 57
2025-05-05 21:26:11.442 -04:00 [INF] Executing endpoint 'PracticeTwo.Controllers.PatientsController.Create (PracticeTwo)'
2025-05-05 21:26:11.482 -04:00 [INF] Route matched with {action = "Create", controller = "Patients"}. Executing controller action with signature Microsoft.AspNetCore.Mvc.IActionResult Create(PracticeTwo.Dtos.PatientDto) on controller PracticeTwo.Controllers.PatientsController (PracticeTwo).
2025-05-05 21:26:11.547 -04:00 [INF] Creating patient 1
2025-05-05 21:26:11.565 -04:00 [INF] Executing CreatedAtActionResult, writing value of type 'Domain.Models.Patient'.
2025-05-05 21:26:11.604 -04:00 [INF] Executed action PracticeTwo.Controllers.PatientsController.Create (PracticeTwo) in 114.6207ms
2025-05-05 21:26:11.609 -04:00 [INF] Executed endpoint 'PracticeTwo.Controllers.PatientsController.Create (PracticeTwo)'
2025-05-05 21:26:11.610 -04:00 [INF] Request finished HTTP/1.1 POST http://localhost:5019/api-patients application/json 57 - 201 - application/json;+charset=utf-8 177.1128ms
2025-05-05 21:26:20.974 -04:00 [INF] Request starting HTTP/1.1 GET http://localhost:5019/api-patients - -
2025-05-05 21:26:20.976 -04:00 [INF] Executing endpoint 'PracticeTwo.Controllers.PatientsController.GetAll (PracticeTwo)'
2025-05-05 21:26:20.980 -04:00 [INF] Route matched with {action = "GetAll", controller = "Patients"}. Executing controller action with signature Microsoft.AspNetCore.Mvc.IActionResult GetAll() on controller PracticeTwo.Controllers.PatientsController (PracticeTwo).
2025-05-05 21:26:20.983 -04:00 [INF] Getting all patients
2025-05-05 21:26:20.985 -04:00 [INF] Executing OkObjectResult, writing value of type 'System.Collections.Generic.List`1[[Domain.Models.Patient, Domain, Version=1.0.0.0, Culture=neutral, PublicKeyToken=null]]'.
2025-05-05 21:26:20.990 -04:00 [INF] Executed action PracticeTwo.Controllers.PatientsController.GetAll (PracticeTwo) in 7.6487ms
2025-05-05 21:26:20.992 -04:00 [INF] Executed endpoint 'PracticeTwo.Controllers.PatientsController.GetAll (PracticeTwo)'
2025-05-05 21:26:20.993 -04:00 [INF] Request finished HTTP/1.1 GET http://localhost:5019/api-patients - - - 200 - application/json;+charset=utf-8 18.7219ms
2025-05-05 21:31:24.287 -04:00 [INF] Now listening on: http://localhost:5019
2025-05-05 21:31:24.345 -04:00 [INF] Application started. Press Ctrl+C to shut down.
2025-05-05 21:31:24.347 -04:00 [INF] Hosting environment: Development
2025-05-05 21:31:24.347 -04:00 [INF] Content root path: D:\Users\MAYRA\OneDrive\Documentos\ing de sistemas UPB\Certificacion1\PracticeTwo\PracticeTwo
2025-05-05 21:31:24.782 -04:00 [INF] Request starting HTTP/1.1 GET http://localhost:5019/swagger/index.html - -
2025-05-05 21:31:25.178 -04:00 [INF] Request finished HTTP/1.1 GET http://localhost:5019/swagger/index.html - - - 200 - text/html;charset=utf-8 406.4701ms
2025-05-05 21:31:25.251 -04:00 [INF] Request starting HTTP/1.1 GET http://localhost:5019/_vs/browserLink - -
2025-05-05 21:31:25.343 -04:00 [INF] Request starting HTTP/1.1 GET http://localhost:5019/_framework/aspnetcore-browser-refresh.js - -
2025-05-05 21:31:25.347 -04:00 [INF] Request finished HTTP/1.1 GET http://localhost:5019/_framework/aspnetcore-browser-refresh.js - - - 200 11992 application/javascript;+charset=utf-8 4.0012ms
2025-05-05 21:31:25.361 -04:00 [INF] Request finished HTTP/1.1 GET http://localhost:5019/_vs/browserLink - - - 200 - text/javascript;+charset=UTF-8 110.8978ms
2025-05-05 21:31:26.480 -04:00 [INF] Request starting HTTP/1.1 GET http://localhost:5019/swagger/v1/swagger.json - -
2025-05-05 21:31:26.590 -04:00 [INF] Request finished HTTP/1.1 GET http://localhost:5019/swagger/v1/swagger.json - - - 200 - application/json;charset=utf-8 109.6549ms
2025-05-05 21:31:48.510 -04:00 [INF] Request starting HTTP/1.1 POST http://localhost:5019/api-patients application/json 0
2025-05-05 21:31:48.517 -04:00 [INF] Executing endpoint 'PracticeTwo.Controllers.PatientsController.Create (PracticeTwo)'
2025-05-05 21:31:48.541 -04:00 [INF] Route matched with {action = "Create", controller = "Patients"}. Executing controller action with signature Microsoft.AspNetCore.Mvc.IActionResult Create(PracticeTwo.Dtos.PatientDto) on controller PracticeTwo.Controllers.PatientsController (PracticeTwo).
2025-05-05 21:31:48.576 -04:00 [INF] Executing BadRequestObjectResult, writing value of type 'Microsoft.AspNetCore.Mvc.ValidationProblemDetails'.
2025-05-05 21:31:48.599 -04:00 [INF] Executed action PracticeTwo.Controllers.PatientsController.Create (PracticeTwo) in 47.4111ms
2025-05-05 21:31:48.603 -04:00 [INF] Executed endpoint 'PracticeTwo.Controllers.PatientsController.Create (PracticeTwo)'
2025-05-05 21:31:48.605 -04:00 [INF] Request finished HTTP/1.1 POST http://localhost:5019/api-patients application/json 0 - 400 - application/problem+json;+charset=utf-8 95.3818ms
2025-05-05 21:32:37.609 -04:00 [INF] Request starting HTTP/1.1 POST http://localhost:5019/api-patients application/json 59
2025-05-05 21:32:37.612 -04:00 [INF] Executing endpoint 'PracticeTwo.Controllers.PatientsController.Create (PracticeTwo)'
2025-05-05 21:32:37.615 -04:00 [INF] Route matched with {action = "Create", controller = "Patients"}. Executing controller action with signature Microsoft.AspNetCore.Mvc.IActionResult Create(PracticeTwo.Dtos.PatientDto) on controller PracticeTwo.Controllers.PatientsController (PracticeTwo).
2025-05-05 21:32:37.642 -04:00 [INF] Creating patient 34
2025-05-05 21:32:37.655 -04:00 [INF] Executing CreatedAtActionResult, writing value of type 'Domain.Models.Patient'.
2025-05-05 21:32:37.680 -04:00 [INF] Executed action PracticeTwo.Controllers.PatientsController.Create (PracticeTwo) in 63.1904ms
2025-05-05 21:32:37.683 -04:00 [INF] Executed endpoint 'PracticeTwo.Controllers.PatientsController.Create (PracticeTwo)'
2025-05-05 21:32:37.684 -04:00 [INF] Request finished HTTP/1.1 POST http://localhost:5019/api-patients application/json 59 - 201 - application/json;+charset=utf-8 75.2958ms
2025-05-05 21:32:45.405 -04:00 [INF] Request starting HTTP/1.1 GET http://localhost:5019/api-patients - -
2025-05-05 21:32:45.407 -04:00 [INF] Executing endpoint 'PracticeTwo.Controllers.PatientsController.GetAll (PracticeTwo)'
2025-05-05 21:32:45.412 -04:00 [INF] Route matched with {action = "GetAll", controller = "Patients"}. Executing controller action with signature Microsoft.AspNetCore.Mvc.IActionResult GetAll() on controller PracticeTwo.Controllers.PatientsController (PracticeTwo).
2025-05-05 21:32:45.415 -04:00 [INF] Getting all patients
2025-05-05 21:32:45.417 -04:00 [INF] Executing OkObjectResult, writing value of type 'System.Collections.Generic.List`1[[Domain.Models.Patient, Domain, Version=1.0.0.0, Culture=neutral, PublicKeyToken=null]]'.
2025-05-05 21:32:45.420 -04:00 [INF] Executed action PracticeTwo.Controllers.PatientsController.GetAll (PracticeTwo) in 5.252ms
2025-05-05 21:32:45.421 -04:00 [INF] Executed endpoint 'PracticeTwo.Controllers.PatientsController.GetAll (PracticeTwo)'
2025-05-05 21:32:45.422 -04:00 [INF] Request finished HTTP/1.1 GET http://localhost:5019/api-patients - - - 200 - application/json;+charset=utf-8 16.9616ms
2025-05-05 21:32:56.708 -04:00 [INF] Request starting HTTP/1.1 GET http://localhost:5019/api-patients/34 - -
2025-05-05 21:32:56.710 -04:00 [INF] Executing endpoint 'PracticeTwo.Controllers.PatientsController.GetByCi (PracticeTwo)'
2025-05-05 21:32:56.714 -04:00 [INF] Route matched with {action = "GetByCi", controller = "Patients"}. Executing controller action with signature Microsoft.AspNetCore.Mvc.IActionResult GetByCi(System.String) on controller PracticeTwo.Controllers.PatientsController (PracticeTwo).
2025-05-05 21:32:56.720 -04:00 [INF] Getting patient 34
2025-05-05 21:32:56.721 -04:00 [INF] Executing OkObjectResult, writing value of type 'Domain.Models.Patient'.
2025-05-05 21:32:56.723 -04:00 [INF] Executed action PracticeTwo.Controllers.PatientsController.GetByCi (PracticeTwo) in 3.9508ms
2025-05-05 21:32:56.724 -04:00 [INF] Executed endpoint 'PracticeTwo.Controllers.PatientsController.GetByCi (PracticeTwo)'
2025-05-05 21:32:56.725 -04:00 [INF] Request finished HTTP/1.1 GET http://localhost:5019/api-patients/34 - - - 200 - application/json;+charset=utf-8 16.9086ms
2025-05-05 21:33:28.423 -04:00 [INF] Request starting HTTP/1.1 PUT http://localhost:5019/api-patients/34 application/json 45
2025-05-05 21:33:28.429 -04:00 [INF] Executing endpoint 'PracticeTwo.Controllers.PatientsController.Update (PracticeTwo)'
2025-05-05 21:33:28.432 -04:00 [INF] Route matched with {action = "Update", controller = "Patients"}. Executing controller action with signature Microsoft.AspNetCore.Mvc.IActionResult Update(System.String, PracticeTwo.Dtos.PatientUpdateDto) on controller PracticeTwo.Controllers.PatientsController (PracticeTwo).
2025-05-05 21:33:28.437 -04:00 [INF] Updating patient 34
2025-05-05 21:33:28.455 -04:00 [INF] Executing StatusCodeResult, setting HTTP status code 204
2025-05-05 21:33:28.456 -04:00 [INF] Executed action PracticeTwo.Controllers.PatientsController.Update (PracticeTwo) in 22.1403ms
2025-05-05 21:33:28.457 -04:00 [INF] Executed endpoint 'PracticeTwo.Controllers.PatientsController.Update (PracticeTwo)'
2025-05-05 21:33:28.458 -04:00 [INF] Request finished HTTP/1.1 PUT http://localhost:5019/api-patients/34 application/json 45 - 204 - - 34.7478ms
2025-05-05 21:33:46.417 -04:00 [INF] Request starting HTTP/1.1 GET http://localhost:5019/api-patients/34 - -
2025-05-05 21:33:46.429 -04:00 [INF] Executing endpoint 'PracticeTwo.Controllers.PatientsController.GetByCi (PracticeTwo)'
2025-05-05 21:33:46.430 -04:00 [INF] Route matched with {action = "GetByCi", controller = "Patients"}. Executing controller action with signature Microsoft.AspNetCore.Mvc.IActionResult GetByCi(System.String) on controller PracticeTwo.Controllers.PatientsController (PracticeTwo).
2025-05-05 21:33:46.434 -04:00 [INF] Getting patient 34
2025-05-05 21:33:46.436 -04:00 [INF] Executing OkObjectResult, writing value of type 'Domain.Models.Patient'.
2025-05-05 21:33:46.437 -04:00 [INF] Executed action PracticeTwo.Controllers.PatientsController.GetByCi (PracticeTwo) in 2.7584ms
2025-05-05 21:33:46.438 -04:00 [INF] Executed endpoint 'PracticeTwo.Controllers.PatientsController.GetByCi (PracticeTwo)'
2025-05-05 21:33:46.441 -04:00 [INF] Request finished HTTP/1.1 GET http://localhost:5019/api-patients/34 - - - 200 - application/json;+charset=utf-8 24.1898ms
2025-05-05 21:33:55.803 -04:00 [INF] Request starting HTTP/1.1 GET http://localhost:5019/api-patients - -
2025-05-05 21:33:55.804 -04:00 [INF] Executing endpoint 'PracticeTwo.Controllers.PatientsController.GetAll (PracticeTwo)'
2025-05-05 21:33:55.807 -04:00 [INF] Route matched with {action = "GetAll", controller = "Patients"}. Executing controller action with signature Microsoft.AspNetCore.Mvc.IActionResult GetAll() on controller PracticeTwo.Controllers.PatientsController (PracticeTwo).
2025-05-05 21:33:55.809 -04:00 [INF] Getting all patients
2025-05-05 21:33:55.811 -04:00 [INF] Executing OkObjectResult, writing value of type 'System.Collections.Generic.List`1[[Domain.Models.Patient, Domain, Version=1.0.0.0, Culture=neutral, PublicKeyToken=null]]'.
2025-05-05 21:33:55.813 -04:00 [INF] Executed action PracticeTwo.Controllers.PatientsController.GetAll (PracticeTwo) in 3.8261ms
2025-05-05 21:33:55.815 -04:00 [INF] Executed endpoint 'PracticeTwo.Controllers.PatientsController.GetAll (PracticeTwo)'
2025-05-05 21:33:55.817 -04:00 [INF] Request finished HTTP/1.1 GET http://localhost:5019/api-patients - - - 200 - application/json;+charset=utf-8 14.7675ms
2025-05-05 21:34:12.246 -04:00 [INF] Request starting HTTP/1.1 GET http://localhost:5019/api-patients/34/gift - -
2025-05-05 21:34:12.248 -04:00 [INF] Executing endpoint 'PracticeTwo.Controllers.PatientsController.GetGift (PracticeTwo)'
2025-05-05 21:34:12.259 -04:00 [INF] Route matched with {action = "GetGift", controller = "Patients"}. Executing controller action with signature System.Threading.Tasks.Task`1[Microsoft.AspNetCore.Mvc.IActionResult] GetGift(System.String) on controller PracticeTwo.Controllers.PatientsController (PracticeTwo).
2025-05-05 21:34:12.263 -04:00 [INF] Obteniendo gift para CI=34
2025-05-05 21:34:12.566 -04:00 [INF] Conectando a https://api.restful-api.dev/objects
2025-05-05 21:34:17.525 -04:00 [INF] Regalo seleccionado ID=13, Name=Apple iPad Air
2025-05-05 21:34:17.529 -04:00 [INF] Executing OkObjectResult, writing value of type 'Services.Dtos.GiftDto'.
2025-05-05 21:34:17.532 -04:00 [INF] Executed action PracticeTwo.Controllers.PatientsController.GetGift (PracticeTwo) in 5270.8349ms
2025-05-05 21:34:17.534 -04:00 [INF] Executed endpoint 'PracticeTwo.Controllers.PatientsController.GetGift (PracticeTwo)'
2025-05-05 21:34:17.535 -04:00 [INF] Request finished HTTP/1.1 GET http://localhost:5019/api-patients/34/gift - - - 200 - application/json;+charset=utf-8 5289.0747ms
2025-05-05 21:34:44.749 -04:00 [INF] Request starting HTTP/1.1 GET http://localhost:5019/api-patients/1/gift - -
2025-05-05 21:34:44.755 -04:00 [INF] Executing endpoint 'PracticeTwo.Controllers.PatientsController.GetGift (PracticeTwo)'
2025-05-05 21:34:44.757 -04:00 [INF] Route matched with {action = "GetGift", controller = "Patients"}. Executing controller action with signature System.Threading.Tasks.Task`1[Microsoft.AspNetCore.Mvc.IActionResult] GetGift(System.String) on controller PracticeTwo.Controllers.PatientsController (PracticeTwo).
2025-05-05 21:34:44.760 -04:00 [INF] Obteniendo gift para CI=1
2025-05-05 21:34:44.761 -04:00 [INF] Conectando a https://api.restful-api.dev/objects
2025-05-05 21:34:46.483 -04:00 [INF] Regalo seleccionado ID=8, Name=Apple Watch Series 8
2025-05-05 21:34:46.486 -04:00 [INF] Executing OkObjectResult, writing value of type 'Services.Dtos.GiftDto'.
2025-05-05 21:34:46.487 -04:00 [INF] Executed action PracticeTwo.Controllers.PatientsController.GetGift (PracticeTwo) in 1727.8008ms
2025-05-05 21:34:46.490 -04:00 [INF] Executed endpoint 'PracticeTwo.Controllers.PatientsController.GetGift (PracticeTwo)'
2025-05-05 21:34:46.491 -04:00 [INF] Request finished HTTP/1.1 GET http://localhost:5019/api-patients/1/gift - - - 200 - application/json;+charset=utf-8 1741.9240ms
